  lab2.3.cpp
D:\PROEEEEEEEEEEEEEEEEKTbI\gith\cplusplus_oop\lab\lab2.3\lab2.3\lab2.3.cpp(203,13): warning C4390: ";": обнаружен пустой контролируемый оператор; это правильно?
D:\PROEEEEEEEEEEEEEEEEKTbI\gith\cplusplus_oop\lab\lab2.3\lab2.3\lab2.3.cpp(177): message : во время компиляции функции-члена класс шаблон "Node<V,T> *Tree<V,T>::Add_R(Node<V,T> *,Node<V,T> *)"
          with
          [
              V=std::string,
              T=Sportsman
          ]
D:\PROEEEEEEEEEEEEEEEEKTbI\gith\cplusplus_oop\lab\lab2.3\lab2.3\lab2.3.cpp(599): message : выполняется компиляция ссылки на экземпляр шаблон функции "Node<V,T> *Tree<V,T>::Add_R(Node<V,T> *,Node<V,T> *)"
          with
          [
              V=std::string,
              T=Sportsman
          ]
D:\PROEEEEEEEEEEEEEEEEKTbI\gith\cplusplus_oop\lab\lab2.3\lab2.3\lab2.3.cpp(366): message : выполняется компиляция ссылки на экземпляр класс шаблон функции "Tree<V,T>"
          with
          [
              V=std::string,
              T=Sportsman
          ]
D:\PROEEEEEEEEEEEEEEEEKTbI\gith\cplusplus_oop\lab\lab2.3\lab2.3\lab2.3.cpp(472): message : выполняется компиляция ссылки на экземпляр класс шаблон функции "IteratedTree<V,T>"
          with
          [
              V=std::string,
              T=Sportsman
          ]
D:\PROEEEEEEEEEEEEEEEEKTbI\gith\cplusplus_oop\lab\lab2.3\lab2.3\lab2.3.cpp(685): message : выполняется компиляция ссылки на экземпляр класс шаблон функции "AVL_Tree<std::string,Sportsman>"
  lab2.3.vcxproj -> D:\PROEEEEEEEEEEEEEEEEKTbI\gith\cplusplus_oop\lab\lab2.3\Debug\lab2.3.exe
