  lab2.4.cpp
D:\PROEEEEEEEEEEEEEEEEKTbI\gith\cplusplus_oop\lab\lab2.4\lab2.4\lab2.4.cpp(122,23): error C2676: бинарный ">=": "T" не определяет этот оператор или преобразование к типу приемлемо к встроенному оператору
          with
          [
              T=Program
          ]
D:\PROEEEEEEEEEEEEEEEEKTbI\gith\cplusplus_oop\lab\lab2.4\lab2.4\lab2.4.cpp(121): message : во время компиляции функции-члена класс шаблон "int Node<T>::operator >=(Node<T>)"
          with
          [
              T=Program
          ]
D:\PROEEEEEEEEEEEEEEEEKTbI\gith\cplusplus_oop\lab\lab2.4\lab2.4\lab2.4.cpp(260): message : выполняется компиляция ссылки на экземпляр шаблон функции "int Node<T>::operator >=(Node<T>)"
          with
          [
              T=Program
          ]
D:\PROEEEEEEEEEEEEEEEEKTbI\gith\cplusplus_oop\lab\lab2.4\lab2.4\lab2.4.cpp(378): message : выполняется компиляция ссылки на экземпляр класс шаблон функции "Node<T>"
          with
          [
              T=Program
          ]
